Build started 02/12/2015 12:13:49.
     1>Project "F:\Projects\Histogram_WebCam\Histogram_WebCam\Histogram_WebCam.vcxproj" on node 2 (Build target(s)).
     1>ClCompile:
         C:\Program Files (x86)\Microsoft Visual Studio 12.0\VC\bin\CL.exe /c /IC:\opencv249\build\x64\vc12\lib /ZI /nologo /W3 /WX- /sdl /Od /Oy- /D WIN32 /D _DEBUG /D _CONSOLE /D _LIB /D _UNICODE /D UNICODE /Gm /EHsc /RTC1 /MDd /GS /fp:precise /Zc:wchar_t /Zc:forScope /Fo"Debug\\" /Fd"Debug\vc120.pdb" /Gd /TP /analyze- /errorReport:prompt Mains.cpp
         Mains.cpp
     1>f:\projects\histogram_webcam\histogram_webcam\mains.cpp(3): fatal error C1083: Cannot open include file: 'stdafx.h': No such file or directory
     1>Done Building Project "F:\Projects\Histogram_WebCam\Histogram_WebCam\Histogram_WebCam.vcxproj" (Build target(s)) -- FAILED.

Build FAILED.

Time Elapsed 00:00:00.64
